2020-08-13 14:34:15 [main] INFO  c.b.examples.springbootLogback.LogbackApplication - Starting LogbackApplication on DESKTOP-2VV8HQN with PID 27524 (D:\idea_projects\my-springboot-completely-demo\springboot-logback\target\classes started by GUOCHEN in D:\idea_projects\my-springboot-completely-demo)
2020-08-13 14:34:15 [main] INFO  c.b.examples.springbootLogback.LogbackApplication - No active profile set, falling back to default profiles: default
2020-08-13 14:34:16 [main] INFO  o.s.boot.web.embedded.tomcat.TomcatWebServer - Tomcat initialized with port(s): 10086 (http)
2020-08-13 14:34:16 [main] INFO  org.apache.coyote.http11.Http11NioProtocol - Initializing ProtocolHandler ["http-nio-10086"]
2020-08-13 14:34:16 [main] INFO  org.apache.catalina.core.StandardService - Starting service [Tomcat]
2020-08-13 14:34:16 [main] INFO  org.apache.catalina.core.StandardEngine - Starting Servlet engine: [Apache Tomcat/9.0.33]
2020-08-13 14:34:16 [main] INFO  o.a.c.core.ContainerBase.[Tomcat].[localhost].[/] - Initializing Spring embedded WebApplicationContext
2020-08-13 14:34:16 [main] INFO  org.springframework.web.context.ContextLoader - Root WebApplicationContext: initialization completed in 1016 ms
2020-08-13 14:34:16 [main] INFO  c.b.examples.springbootLogback.LogbackApplication - info2020-08-13T14:34:16.947
2020-08-13 14:34:16 [main] WARN  c.b.examples.springbootLogback.LogbackApplication - warn2020-08-13T14:34:16.947
2020-08-13 14:34:17 [main] INFO  o.s.scheduling.concurrent.ThreadPoolTaskExecutor - Initializing ExecutorService 'applicationTaskExecutor'
2020-08-13 14:34:17 [main] INFO  o.s.b.actuate.endpoint.web.EndpointLinksResolver - Exposing 2 endpoint(s) beneath base path '/actuator'
2020-08-13 14:34:17 [main] INFO  org.apache.coyote.http11.Http11NioProtocol - Starting ProtocolHandler ["http-nio-10086"]
2020-08-13 14:34:17 [main] INFO  o.s.boot.web.embedded.tomcat.TomcatWebServer - Tomcat started on port(s): 10086 (http) with context path ''
2020-08-13 14:34:17 [main] INFO  c.b.examples.springbootLogback.LogbackApplication - Started LogbackApplication in 2.064 seconds (JVM running for 2.957)
2020-08-13 14:34:17 [RMI TCP Connection(1)-192.168.5.30] INFO  o.a.c.core.ContainerBase.[Tomcat].[localhost].[/] - Initializing Spring DispatcherServlet 'dispatcherServlet'
2020-08-13 14:34:17 [RMI TCP Connection(1)-192.168.5.30] INFO  org.springframework.web.servlet.DispatcherServlet - Initializing Servlet 'dispatcherServlet'
2020-08-13 14:34:17 [RMI TCP Connection(1)-192.168.5.30] INFO  org.springframework.web.servlet.DispatcherServlet - Completed initialization in 3 ms
2020-08-13 14:35:59 [main] INFO  c.b.examples.springbootLogback.LogbackApplication - Starting LogbackApplication on DESKTOP-2VV8HQN with PID 3156 (D:\idea_projects\my-springboot-completely-demo\springboot-logback\target\classes started by GUOCHEN in D:\idea_projects\my-springboot-completely-demo)
2020-08-13 14:35:59 [main] INFO  c.b.examples.springbootLogback.LogbackApplication - No active profile set, falling back to default profiles: default
2020-08-13 14:36:01 [main] INFO  o.s.boot.web.embedded.tomcat.TomcatWebServer - Tomcat initialized with port(s): 10086 (http)
2020-08-13 14:36:01 [main] INFO  org.apache.coyote.http11.Http11NioProtocol - Initializing ProtocolHandler ["http-nio-10086"]
2020-08-13 14:36:01 [main] INFO  org.apache.catalina.core.StandardService - Starting service [Tomcat]
2020-08-13 14:36:01 [main] INFO  org.apache.catalina.core.StandardEngine - Starting Servlet engine: [Apache Tomcat/9.0.33]
2020-08-13 14:36:01 [main] INFO  o.a.c.core.ContainerBase.[Tomcat].[localhost].[/] - Initializing Spring embedded WebApplicationContext
2020-08-13 14:36:01 [main] INFO  org.springframework.web.context.ContextLoader - Root WebApplicationContext: initialization completed in 1527 ms
2020-08-13 14:36:01 [main] INFO  c.b.examples.springbootLogback.LogbackApplication - info2020-08-13T14:36:01.809
2020-08-13 14:36:01 [main] WARN  c.b.examples.springbootLogback.LogbackApplication - warn2020-08-13T14:36:01.810
2020-08-13 14:36:01 [main] INFO  o.s.scheduling.concurrent.ThreadPoolTaskExecutor - Initializing ExecutorService 'applicationTaskExecutor'
2020-08-13 14:36:02 [main] INFO  o.s.b.actuate.endpoint.web.EndpointLinksResolver - Exposing 2 endpoint(s) beneath base path '/actuator'
2020-08-13 14:36:02 [main] INFO  org.apache.coyote.http11.Http11NioProtocol - Starting ProtocolHandler ["http-nio-10086"]
2020-08-13 14:36:02 [main] INFO  o.s.boot.web.embedded.tomcat.TomcatWebServer - Tomcat started on port(s): 10086 (http) with context path ''
2020-08-13 14:36:02 [main] INFO  c.b.examples.springbootLogback.LogbackApplication - Started LogbackApplication in 2.659 seconds (JVM running for 3.452)
2020-08-13 14:36:02 [RMI TCP Connection(1)-192.168.5.30] INFO  o.a.c.core.ContainerBase.[Tomcat].[localhost].[/] - Initializing Spring DispatcherServlet 'dispatcherServlet'
2020-08-13 14:36:02 [RMI TCP Connection(1)-192.168.5.30] INFO  org.springframework.web.servlet.DispatcherServlet - Initializing Servlet 'dispatcherServlet'
2020-08-13 14:36:02 [RMI TCP Connection(1)-192.168.5.30] INFO  org.springframework.web.servlet.DispatcherServlet - Completed initialization in 5 ms
